<?xml version="1.0" encoding="UTF-8"?>
<testsuite xmlns:xsi="http://www.w3.org/2001/XMLSchema-instance" xsi:noNamespaceSchemaLocation="https://maven.apache.org/surefire/maven-surefire-plugin/xsd/surefire-test-report.xsd" name="TestDemo" time="7.86" tests="1" errors="0" skipped="0" failures="0">
  <properties>
    <property name="java.specification.version" value="20"/>
    <property name="sun.cpu.isalist" value="amd64"/>
    <property name="sun.jnu.encoding" value="GBK"/>
    <property name="java.class.path" value="D:\DotNetPro\webrtc-chat-room-demo\LiveVedio\target\test-classes;D:\DotNetPro\webrtc-chat-room-demo\LiveVedio\target\classes;D:\Program Files\apache-maven-3.5.4\conf\repo\org\springframework\boot\spring-boot-starter-web\2.1.8.RELEASE\spring-boot-starter-web-2.1.8.RELEASE.jar;D:\Program Files\apache-maven-3.5.4\conf\repo\org\springframework\boot\spring-boot-starter\2.1.8.RELEASE\spring-boot-starter-2.1.8.RELEASE.jar;D:\Program Files\apache-maven-3.5.4\conf\repo\org\springframework\boot\spring-boot\2.1.8.RELEASE\spring-boot-2.1.8.RELEASE.jar;D:\Program Files\apache-maven-3.5.4\conf\repo\org\springframework\boot\spring-boot-autoconfigure\2.1.8.RELEASE\spring-boot-autoconfigure-2.1.8.RELEASE.jar;D:\Program Files\apache-maven-3.5.4\conf\repo\org\springframework\boot\spring-boot-starter-logging\2.1.8.RELEASE\spring-boot-starter-logging-2.1.8.RELEASE.jar;D:\Program Files\apache-maven-3.5.4\conf\repo\ch\qos\logback\logback-classic\1.2.3\logback-classic-1.2.3.jar;D:\Program Files\apache-maven-3.5.4\conf\repo\ch\qos\logback\logback-core\1.2.3\logback-core-1.2.3.jar;D:\Program Files\apache-maven-3.5.4\conf\repo\org\apache\logging\log4j\log4j-to-slf4j\2.11.2\log4j-to-slf4j-2.11.2.jar;D:\Program Files\apache-maven-3.5.4\conf\repo\org\apache\logging\log4j\log4j-api\2.11.2\log4j-api-2.11.2.jar;D:\Program Files\apache-maven-3.5.4\conf\repo\org\slf4j\jul-to-slf4j\1.7.28\jul-to-slf4j-1.7.28.jar;D:\Program Files\apache-maven-3.5.4\conf\repo\javax\annotation\javax.annotation-api\1.3.2\javax.annotation-api-1.3.2.jar;D:\Program Files\apache-maven-3.5.4\conf\repo\org\yaml\snakeyaml\1.23\snakeyaml-1.23.jar;D:\Program Files\apache-maven-3.5.4\conf\repo\org\springframework\boot\spring-boot-starter-json\2.1.8.RELEASE\spring-boot-starter-json-2.1.8.RELEASE.jar;D:\Program Files\apache-maven-3.5.4\conf\repo\com\fasterxml\jackson\core\jackson-databind\2.9.9.3\jackson-databind-2.9.9.3.jar;D:\Program Files\apache-maven-3.5.4\conf\repo\com\fasterxml\jackson\core\jackson-annotations\2.9.0\jackson-annotations-2.9.0.jar;D:\Program Files\apache-maven-3.5.4\conf\repo\com\fasterxml\jackson\core\jackson-core\2.9.9\jackson-core-2.9.9.jar;D:\Program Files\apache-maven-3.5.4\conf\repo\com\fasterxml\jackson\datatype\jackson-datatype-jdk8\2.9.9\jackson-datatype-jdk8-2.9.9.jar;D:\Program Files\apache-maven-3.5.4\conf\repo\com\fasterxml\jackson\datatype\jackson-datatype-jsr310\2.9.9\jackson-datatype-jsr310-2.9.9.jar;D:\Program Files\apache-maven-3.5.4\conf\repo\com\fasterxml\jackson\module\jackson-module-parameter-names\2.9.9\jackson-module-parameter-names-2.9.9.jar;D:\Program Files\apache-maven-3.5.4\conf\repo\org\springframework\boot\spring-boot-starter-tomcat\2.1.8.RELEASE\spring-boot-starter-tomcat-2.1.8.RELEASE.jar;D:\Program Files\apache-maven-3.5.4\conf\repo\org\apache\tomcat\embed\tomcat-embed-core\9.0.24\tomcat-embed-core-9.0.24.jar;D:\Program Files\apache-maven-3.5.4\conf\repo\org\apache\tomcat\embed\tomcat-embed-el\9.0.24\tomcat-embed-el-9.0.24.jar;D:\Program Files\apache-maven-3.5.4\conf\repo\org\apache\tomcat\embed\tomcat-embed-websocket\9.0.24\tomcat-embed-websocket-9.0.24.jar;D:\Program Files\apache-maven-3.5.4\conf\repo\org\hibernate\validator\hibernate-validator\6.0.17.Final\hibernate-validator-6.0.17.Final.jar;D:\Program Files\apache-maven-3.5.4\conf\repo\javax\validation\validation-api\2.0.1.Final\validation-api-2.0.1.Final.jar;D:\Program Files\apache-maven-3.5.4\conf\repo\org\jboss\logging\jboss-logging\3.3.3.Final\jboss-logging-3.3.3.Final.jar;D:\Program Files\apache-maven-3.5.4\conf\repo\com\fasterxml\classmate\1.4.0\classmate-1.4.0.jar;D:\Program Files\apache-maven-3.5.4\conf\repo\org\springframework\spring-web\5.1.9.RELEASE\spring-web-5.1.9.RELEASE.jar;D:\Program Files\apache-maven-3.5.4\conf\repo\org\springframework\spring-beans\5.1.9.RELEASE\spring-beans-5.1.9.RELEASE.jar;D:\Program Files\apache-maven-3.5.4\conf\repo\org\springframework\spring-webmvc\5.1.9.RELEASE\spring-webmvc-5.1.9.RELEASE.jar;D:\Program Files\apache-maven-3.5.4\conf\repo\org\springframework\spring-aop\5.1.9.RELEASE\spring-aop-5.1.9.RELEASE.jar;D:\Program Files\apache-maven-3.5.4\conf\repo\org\springframework\spring-context\5.1.9.RELEASE\spring-context-5.1.9.RELEASE.jar;D:\Program Files\apache-maven-3.5.4\conf\repo\org\springframework\spring-expression\5.1.9.RELEASE\spring-expression-5.1.9.RELEASE.jar;D:\Program Files\apache-maven-3.5.4\conf\repo\org\springframework\boot\spring-boot-starter-test\2.1.8.RELEASE\spring-boot-starter-test-2.1.8.RELEASE.jar;D:\Program Files\apache-maven-3.5.4\conf\repo\org\springframework\boot\spring-boot-test\2.1.8.RELEASE\spring-boot-test-2.1.8.RELEASE.jar;D:\Program Files\apache-maven-3.5.4\conf\repo\org\springframework\boot\spring-boot-test-autoconfigure\2.1.8.RELEASE\spring-boot-test-autoconfigure-2.1.8.RELEASE.jar;D:\Program Files\apache-maven-3.5.4\conf\repo\com\jayway\jsonpath\json-path\2.4.0\json-path-2.4.0.jar;D:\Program Files\apache-maven-3.5.4\conf\repo\net\minidev\json-smart\2.3\json-smart-2.3.jar;D:\Program Files\apache-maven-3.5.4\conf\repo\net\minidev\accessors-smart\1.2\accessors-smart-1.2.jar;D:\Program Files\apache-maven-3.5.4\conf\repo\org\ow2\asm\asm\5.0.4\asm-5.0.4.jar;D:\Program Files\apache-maven-3.5.4\conf\repo\org\slf4j\slf4j-api\1.7.28\slf4j-api-1.7.28.jar;D:\Program Files\apache-maven-3.5.4\conf\repo\junit\junit\4.12\junit-4.12.jar;D:\Program Files\apache-maven-3.5.4\conf\repo\org\assertj\assertj-core\3.11.1\assertj-core-3.11.1.jar;D:\Program Files\apache-maven-3.5.4\conf\repo\org\mockito\mockito-core\2.23.4\mockito-core-2.23.4.jar;D:\Program Files\apache-maven-3.5.4\conf\repo\net\bytebuddy\byte-buddy\1.9.16\byte-buddy-1.9.16.jar;D:\Program Files\apache-maven-3.5.4\conf\repo\net\bytebuddy\byte-buddy-agent\1.9.16\byte-buddy-agent-1.9.16.jar;D:\Program Files\apache-maven-3.5.4\conf\repo\org\objenesis\objenesis\2.6\objenesis-2.6.jar;D:\Program Files\apache-maven-3.5.4\conf\repo\org\hamcrest\hamcrest-core\1.3\hamcrest-core-1.3.jar;D:\Program Files\apache-maven-3.5.4\conf\repo\org\hamcrest\hamcrest-library\1.3\hamcrest-library-1.3.jar;D:\Program Files\apache-maven-3.5.4\conf\repo\org\skyscreamer\jsonassert\1.5.0\jsonassert-1.5.0.jar;D:\Program Files\apache-maven-3.5.4\conf\repo\com\vaadin\external\google\android-json\0.0.20131108.vaadin1\android-json-0.0.20131108.vaadin1.jar;D:\Program Files\apache-maven-3.5.4\conf\repo\org\springframework\spring-core\5.1.9.RELEASE\spring-core-5.1.9.RELEASE.jar;D:\Program Files\apache-maven-3.5.4\conf\repo\org\springframework\spring-jcl\5.1.9.RELEASE\spring-jcl-5.1.9.RELEASE.jar;D:\Program Files\apache-maven-3.5.4\conf\repo\org\springframework\spring-test\5.1.9.RELEASE\spring-test-5.1.9.RELEASE.jar;D:\Program Files\apache-maven-3.5.4\conf\repo\org\xmlunit\xmlunit-core\2.6.3\xmlunit-core-2.6.3.jar;D:\Program Files\apache-maven-3.5.4\conf\repo\javax\xml\bind\jaxb-api\2.3.1\jaxb-api-2.3.1.jar;D:\Program Files\apache-maven-3.5.4\conf\repo\javax\activation\javax.activation-api\1.2.0\javax.activation-api-1.2.0.jar;D:\Program Files\apache-maven-3.5.4\conf\repo\cn\hutool\hutool-extra\5.8.12\hutool-extra-5.8.12.jar;D:\Program Files\apache-maven-3.5.4\conf\repo\cn\hutool\hutool-core\5.8.12\hutool-core-5.8.12.jar;D:\Program Files\apache-maven-3.5.4\conf\repo\cn\hutool\hutool-setting\5.8.12\hutool-setting-5.8.12.jar;D:\Program Files\apache-maven-3.5.4\conf\repo\cn\hutool\hutool-log\5.8.12\hutool-log-5.8.12.jar;D:\Program Files\apache-maven-3.5.4\conf\repo\org\springframework\boot\spring-boot-starter-freemarker\2.1.8.RELEASE\spring-boot-starter-freemarker-2.1.8.RELEASE.jar;D:\Program Files\apache-maven-3.5.4\conf\repo\org\freemarker\freemarker\2.3.29\freemarker-2.3.29.jar;D:\Program Files\apache-maven-3.5.4\conf\repo\org\springframework\spring-context-support\5.1.9.RELEASE\spring-context-support-5.1.9.RELEASE.jar;D:\Program Files\apache-maven-3.5.4\conf\repo\cn\hutool\hutool-json\5.8.12\hutool-json-5.8.12.jar;"/>
    <property name="java.vm.vendor" value="Oracle Corporation"/>
    <property name="sun.arch.data.model" value="64"/>
    <property name="user.variant" value=""/>
    <property name="java.vendor.url" value="https://java.oracle.com/"/>
    <property name="user.timezone" value="Asia/Shanghai"/>
    <property name="os.name" value="Windows 10"/>
    <property name="java.vm.specification.version" value="20"/>
    <property name="sun.java.launcher" value="SUN_STANDARD"/>
    <property name="user.country" value="CN"/>
    <property name="sun.boot.library.path" value="D:\Program Files\Java\jdk-20\bin"/>
    <property name="sun.java.command" value="C:\Users\PUMBBA~1\AppData\Local\Temp\surefire11555543674338905920\surefirebooter13526203276832528204.jar C:\Users\Pumbba_Chin\AppData\Local\Temp\surefire11555543674338905920 2024-07-27T19-13-09_028-jvmRun1 surefire4032179458863429862tmp surefire_011312258655820868719tmp"/>
    <property name="jdk.debug" value="release"/>
    <property name="surefire.test.class.path" value="D:\DotNetPro\webrtc-chat-room-demo\LiveVedio\target\test-classes;D:\DotNetPro\webrtc-chat-room-demo\LiveVedio\target\classes;D:\Program Files\apache-maven-3.5.4\conf\repo\org\springframework\boot\spring-boot-starter-web\2.1.8.RELEASE\spring-boot-starter-web-2.1.8.RELEASE.jar;D:\Program Files\apache-maven-3.5.4\conf\repo\org\springframework\boot\spring-boot-starter\2.1.8.RELEASE\spring-boot-starter-2.1.8.RELEASE.jar;D:\Program Files\apache-maven-3.5.4\conf\repo\org\springframework\boot\spring-boot\2.1.8.RELEASE\spring-boot-2.1.8.RELEASE.jar;D:\Program Files\apache-maven-3.5.4\conf\repo\org\springframework\boot\spring-boot-autoconfigure\2.1.8.RELEASE\spring-boot-autoconfigure-2.1.8.RELEASE.jar;D:\Program Files\apache-maven-3.5.4\conf\repo\org\springframework\boot\spring-boot-starter-logging\2.1.8.RELEASE\spring-boot-starter-logging-2.1.8.RELEASE.jar;D:\Program Files\apache-maven-3.5.4\conf\repo\ch\qos\logback\logback-classic\1.2.3\logback-classic-1.2.3.jar;D:\Program Files\apache-maven-3.5.4\conf\repo\ch\qos\logback\logback-core\1.2.3\logback-core-1.2.3.jar;D:\Program Files\apache-maven-3.5.4\conf\repo\org\apache\logging\log4j\log4j-to-slf4j\2.11.2\log4j-to-slf4j-2.11.2.jar;D:\Program Files\apache-maven-3.5.4\conf\repo\org\apache\logging\log4j\log4j-api\2.11.2\log4j-api-2.11.2.jar;D:\Program Files\apache-maven-3.5.4\conf\repo\org\slf4j\jul-to-slf4j\1.7.28\jul-to-slf4j-1.7.28.jar;D:\Program Files\apache-maven-3.5.4\conf\repo\javax\annotation\javax.annotation-api\1.3.2\javax.annotation-api-1.3.2.jar;D:\Program Files\apache-maven-3.5.4\conf\repo\org\yaml\snakeyaml\1.23\snakeyaml-1.23.jar;D:\Program Files\apache-maven-3.5.4\conf\repo\org\springframework\boot\spring-boot-starter-json\2.1.8.RELEASE\spring-boot-starter-json-2.1.8.RELEASE.jar;D:\Program Files\apache-maven-3.5.4\conf\repo\com\fasterxml\jackson\core\jackson-databind\2.9.9.3\jackson-databind-2.9.9.3.jar;D:\Program Files\apache-maven-3.5.4\conf\repo\com\fasterxml\jackson\core\jackson-annotations\2.9.0\jackson-annotations-2.9.0.jar;D:\Program Files\apache-maven-3.5.4\conf\repo\com\fasterxml\jackson\core\jackson-core\2.9.9\jackson-core-2.9.9.jar;D:\Program Files\apache-maven-3.5.4\conf\repo\com\fasterxml\jackson\datatype\jackson-datatype-jdk8\2.9.9\jackson-datatype-jdk8-2.9.9.jar;D:\Program Files\apache-maven-3.5.4\conf\repo\com\fasterxml\jackson\datatype\jackson-datatype-jsr310\2.9.9\jackson-datatype-jsr310-2.9.9.jar;D:\Program Files\apache-maven-3.5.4\conf\repo\com\fasterxml\jackson\module\jackson-module-parameter-names\2.9.9\jackson-module-parameter-names-2.9.9.jar;D:\Program Files\apache-maven-3.5.4\conf\repo\org\springframework\boot\spring-boot-starter-tomcat\2.1.8.RELEASE\spring-boot-starter-tomcat-2.1.8.RELEASE.jar;D:\Program Files\apache-maven-3.5.4\conf\repo\org\apache\tomcat\embed\tomcat-embed-core\9.0.24\tomcat-embed-core-9.0.24.jar;D:\Program Files\apache-maven-3.5.4\conf\repo\org\apache\tomcat\embed\tomcat-embed-el\9.0.24\tomcat-embed-el-9.0.24.jar;D:\Program Files\apache-maven-3.5.4\conf\repo\org\apache\tomcat\embed\tomcat-embed-websocket\9.0.24\tomcat-embed-websocket-9.0.24.jar;D:\Program Files\apache-maven-3.5.4\conf\repo\org\hibernate\validator\hibernate-validator\6.0.17.Final\hibernate-validator-6.0.17.Final.jar;D:\Program Files\apache-maven-3.5.4\conf\repo\javax\validation\validation-api\2.0.1.Final\validation-api-2.0.1.Final.jar;D:\Program Files\apache-maven-3.5.4\conf\repo\org\jboss\logging\jboss-logging\3.3.3.Final\jboss-logging-3.3.3.Final.jar;D:\Program Files\apache-maven-3.5.4\conf\repo\com\fasterxml\classmate\1.4.0\classmate-1.4.0.jar;D:\Program Files\apache-maven-3.5.4\conf\repo\org\springframework\spring-web\5.1.9.RELEASE\spring-web-5.1.9.RELEASE.jar;D:\Program Files\apache-maven-3.5.4\conf\repo\org\springframework\spring-beans\5.1.9.RELEASE\spring-beans-5.1.9.RELEASE.jar;D:\Program Files\apache-maven-3.5.4\conf\repo\org\springframework\spring-webmvc\5.1.9.RELEASE\spring-webmvc-5.1.9.RELEASE.jar;D:\Program Files\apache-maven-3.5.4\conf\repo\org\springframework\spring-aop\5.1.9.RELEASE\spring-aop-5.1.9.RELEASE.jar;D:\Program Files\apache-maven-3.5.4\conf\repo\org\springframework\spring-context\5.1.9.RELEASE\spring-context-5.1.9.RELEASE.jar;D:\Program Files\apache-maven-3.5.4\conf\repo\org\springframework\spring-expression\5.1.9.RELEASE\spring-expression-5.1.9.RELEASE.jar;D:\Program Files\apache-maven-3.5.4\conf\repo\org\springframework\boot\spring-boot-starter-test\2.1.8.RELEASE\spring-boot-starter-test-2.1.8.RELEASE.jar;D:\Program Files\apache-maven-3.5.4\conf\repo\org\springframework\boot\spring-boot-test\2.1.8.RELEASE\spring-boot-test-2.1.8.RELEASE.jar;D:\Program Files\apache-maven-3.5.4\conf\repo\org\springframework\boot\spring-boot-test-autoconfigure\2.1.8.RELEASE\spring-boot-test-autoconfigure-2.1.8.RELEASE.jar;D:\Program Files\apache-maven-3.5.4\conf\repo\com\jayway\jsonpath\json-path\2.4.0\json-path-2.4.0.jar;D:\Program Files\apache-maven-3.5.4\conf\repo\net\minidev\json-smart\2.3\json-smart-2.3.jar;D:\Program Files\apache-maven-3.5.4\conf\repo\net\minidev\accessors-smart\1.2\accessors-smart-1.2.jar;D:\Program Files\apache-maven-3.5.4\conf\repo\org\ow2\asm\asm\5.0.4\asm-5.0.4.jar;D:\Program Files\apache-maven-3.5.4\conf\repo\org\slf4j\slf4j-api\1.7.28\slf4j-api-1.7.28.jar;D:\Program Files\apache-maven-3.5.4\conf\repo\junit\junit\4.12\junit-4.12.jar;D:\Program Files\apache-maven-3.5.4\conf\repo\org\assertj\assertj-core\3.11.1\assertj-core-3.11.1.jar;D:\Program Files\apache-maven-3.5.4\conf\repo\org\mockito\mockito-core\2.23.4\mockito-core-2.23.4.jar;D:\Program Files\apache-maven-3.5.4\conf\repo\net\bytebuddy\byte-buddy\1.9.16\byte-buddy-1.9.16.jar;D:\Program Files\apache-maven-3.5.4\conf\repo\net\bytebuddy\byte-buddy-agent\1.9.16\byte-buddy-agent-1.9.16.jar;D:\Program Files\apache-maven-3.5.4\conf\repo\org\objenesis\objenesis\2.6\objenesis-2.6.jar;D:\Program Files\apache-maven-3.5.4\conf\repo\org\hamcrest\hamcrest-core\1.3\hamcrest-core-1.3.jar;D:\Program Files\apache-maven-3.5.4\conf\repo\org\hamcrest\hamcrest-library\1.3\hamcrest-library-1.3.jar;D:\Program Files\apache-maven-3.5.4\conf\repo\org\skyscreamer\jsonassert\1.5.0\jsonassert-1.5.0.jar;D:\Program Files\apache-maven-3.5.4\conf\repo\com\vaadin\external\google\android-json\0.0.20131108.vaadin1\android-json-0.0.20131108.vaadin1.jar;D:\Program Files\apache-maven-3.5.4\conf\repo\org\springframework\spring-core\5.1.9.RELEASE\spring-core-5.1.9.RELEASE.jar;D:\Program Files\apache-maven-3.5.4\conf\repo\org\springframework\spring-jcl\5.1.9.RELEASE\spring-jcl-5.1.9.RELEASE.jar;D:\Program Files\apache-maven-3.5.4\conf\repo\org\springframework\spring-test\5.1.9.RELEASE\spring-test-5.1.9.RELEASE.jar;D:\Program Files\apache-maven-3.5.4\conf\repo\org\xmlunit\xmlunit-core\2.6.3\xmlunit-core-2.6.3.jar;D:\Program Files\apache-maven-3.5.4\conf\repo\javax\xml\bind\jaxb-api\2.3.1\jaxb-api-2.3.1.jar;D:\Program Files\apache-maven-3.5.4\conf\repo\javax\activation\javax.activation-api\1.2.0\javax.activation-api-1.2.0.jar;D:\Program Files\apache-maven-3.5.4\conf\repo\cn\hutool\hutool-extra\5.8.12\hutool-extra-5.8.12.jar;D:\Program Files\apache-maven-3.5.4\conf\repo\cn\hutool\hutool-core\5.8.12\hutool-core-5.8.12.jar;D:\Program Files\apache-maven-3.5.4\conf\repo\cn\hutool\hutool-setting\5.8.12\hutool-setting-5.8.12.jar;D:\Program Files\apache-maven-3.5.4\conf\repo\cn\hutool\hutool-log\5.8.12\hutool-log-5.8.12.jar;D:\Program Files\apache-maven-3.5.4\conf\repo\org\springframework\boot\spring-boot-starter-freemarker\2.1.8.RELEASE\spring-boot-starter-freemarker-2.1.8.RELEASE.jar;D:\Program Files\apache-maven-3.5.4\conf\repo\org\freemarker\freemarker\2.3.29\freemarker-2.3.29.jar;D:\Program Files\apache-maven-3.5.4\conf\repo\org\springframework\spring-context-support\5.1.9.RELEASE\spring-context-support-5.1.9.RELEASE.jar;D:\Program Files\apache-maven-3.5.4\conf\repo\cn\hutool\hutool-json\5.8.12\hutool-json-5.8.12.jar;"/>
    <property name="sun.cpu.endian" value="little"/>
    <property name="user.home" value="C:\Users\Pumbba_Chin"/>
    <property name="user.language" value="zh"/>
    <property name="java.specification.vendor" value="Oracle Corporation"/>
    <property name="java.version.date" value="2023-04-18"/>
    <property name="java.home" value="D:\Program Files\Java\jdk-20"/>
    <property name="file.separator" value="\"/>
    <property name="basedir" value="D:\DotNetPro\webrtc-chat-room-demo\LiveVedio"/>
    <property name="java.vm.compressedOopsMode" value="32-bit"/>
    <property name="line.separator" value="&#10;"/>
    <property name="java.vm.specification.vendor" value="Oracle Corporation"/>
    <property name="java.specification.name" value="Java Platform API Specification"/>
    <property name="surefire.real.class.path" value="C:\Users\PUMBBA~1\AppData\Local\Temp\surefire11555543674338905920\surefirebooter13526203276832528204.jar"/>
    <property name="user.script" value=""/>
    <property name="sun.management.compiler" value="HotSpot 64-Bit Tiered Compilers"/>
    <property name="java.runtime.version" value="20.0.1+9-29"/>
    <property name="user.name" value="Pumbba_Chin"/>
    <property name="stdout.encoding" value="GBK"/>
    <property name="path.separator" value=";"/>
    <property name="os.version" value="10.0"/>
    <property name="java.runtime.name" value="Java(TM) SE Runtime Environment"/>
    <property name="file.encoding" value="UTF-8"/>
    <property name="java.vm.name" value="Java HotSpot(TM) 64-Bit Server VM"/>
    <property name="localRepository" value="D:\Program Files\apache-maven-3.5.4\conf\repo"/>
    <property name="java.vendor.url.bug" value="https://bugreport.java.com/bugreport/"/>
    <property name="java.io.tmpdir" value="C:\Users\PUMBBA~1\AppData\Local\Temp\"/>
    <property name="idea.version" value="2023.2.1"/>
    <property name="java.version" value="20.0.1"/>
    <property name="user.dir" value="D:\DotNetPro\webrtc-chat-room-demo\LiveVedio"/>
    <property name="os.arch" value="amd64"/>
    <property name="java.vm.specification.name" value="Java Virtual Machine Specification"/>
    <property name="sun.os.patch.level" value=""/>
    <property name="native.encoding" value="GBK"/>
    <property name="java.library.path" value="D:\Program Files\Java\jdk-20\bin;C:\WINDOWS\Sun\Java\bin;C:\WINDOWS\system32;C:\WINDOWS;C:\Program Files\Common Files\Oracle\Java\javapath;C:\Program Files (x86)\Common Files\Oracle\Java\javapath;C:\Program Files\NVIDIA GPU Computing Toolkit\CUDA\v8.0\bin;C:\Program Files\NVIDIA GPU Computing Toolkit\CUDA\v8.0\libnvvp;D:\Programs\Python35\Scripts\1;D:\Programs\Python35\1;C:\windows\system32;C:\windows;C:\windows\System32\Wbem;C:\windows\System32\WindowsPowerShell\v1.0\;C:\Program Files (x86)\NVIDIA Corporation\PhysX\Common;C:\Program Files\Microsoft SQL Server\130\Tools\Binn\;C:\Program Files\dotnet\;C:\cuda\;D:\Program Files\Java\jdk-20\bin;D:\Program Files\Java\jdk-20\jre\bin;D:\Go\bin;D:\Program Files\Git\cmd;D:\TDM-GCC-64\bin;C:\Program Files\Microsoft SQL Server\120\DTS\Binn\;C:\Program Files\Microsoft SQL Server\Client SDK\ODBC\110\Tools\Binn\;C:\Program Files (x86)\Microsoft SQL Server\120\Tools\Binn\;C:\Program Files\Microsoft SQL Server\120\Tools\Binn\;C:\Program Files (x86)\Microsoft SQL Server\120\Tools\Binn\ManagementStudio\;C:\Program Files (x86)\Microsoft SQL Server\120\DTS\Binn\;D:\Python27\Scripts;C:\Program Files\erl8.0;D:\Program Files\RabbitMQ Server\rabbitmq_server-3.6.12\sbin;D:\Program Files\Redis\;C:\WINDOWS\system32;C:\WINDOWS;C:\WINDOWS\System32\Wbem;C:\WINDOWS\System32\WindowsPowerShell\v1.0\;D:\Program Files\apache-maven-3.5.4\bin;D:\Programs\Microsoft VS Code\;D:\Programs\Python35;C:\Program Files (x86)\Microsoft Visual Studio 14.0\VC\bin;C:\Program Files (x86)\Microsoft Visual Studio 14.0\VC\bin\amd64;C:\Program Files (x86)\Microsoft Visual Studio 14.0\VC;C:\Program Files (x86)\Windows Kits\8.1\bin\x86;D:\TDDownload\mysql-5.7.25-win32\bin;D:\consul;D:\Program Files\PuTTY\;C:\Program Files\Intel\WiFi\bin\;C:\Program Files\Common Files\Intel\WirelessCommon\;D:\eshopcontainer\helm_v3.6.3;C:\Program Files\Docker\Docker\resources\bin;C:\ProgramData\DockerDesktop\version-bin;C:\ProgramData\chocolatey\bin;C:\WINDOWS\System32\OpenSSH\;C:\Program Files (x86)\dotnet\;D:\Program Files\MongoDB\Server\6.0\bin\;C:\Program Files\Microsoft SQL Server\150\Tools\Binn\;C:\Program Files\Microsoft SQL Server\Client SDK\ODBC\170\Tools\Binn\;D:\Program Files\nodejs\;C:\Program Files\Intel\WiFi\bin\;C:\Program Files\Common Files\Intel\WirelessCommon\;C:\Users\Pumbba_Chin\AppData\Local\Microsoft\WindowsApps;D:\Programs\Microsoft VS Code\bin;C:\Users\Pumbba_Chin\.dotnet\tools;C:\Users\Pumbba_Chin\.dotnet\tools;C:\Users\Pumbba_Chin\AppData\Local\Microsoft\WindowsApps;C:\Users\Pumbba_Chin\.dotnet\tools;C:\Users\Pumbba_Chin\AppData\Roaming\npm;."/>
    <property name="java.vm.info" value="mixed mode, sharing"/>
    <property name="stderr.encoding" value="GBK"/>
    <property name="java.vendor" value="Oracle Corporation"/>
    <property name="java.vm.version" value="20.0.1+9-29"/>
    <property name="sun.io.unicode.encoding" value="UnicodeLittle"/>
    <property name="maven.repo.local" value="D:\Program Files\apache-maven-3.5.4\conf\repo"/>
    <property name="java.class.version" value="64.0"/>
  </properties>
  <testcase name="test" classname="TestDemo" time="0.734"/>
</testsuite>